# JRE version: Java(TM) SE Runtime Environment (8.0_112-b15) (build 1.8.0_112-b15)
# Java VM: Java HotSpot(TM) 64-Bit Server VM (25.112-b15 mixed mode windows-amd64 compressed oops)
Heap:
 PSYoungGen      total 376320K, used 215105K [0x00000000e0000000, 0x0000000100000000, 0x0000000100000000)
  eden space 228352K, 94% used [0x00000000e0000000,0x00000000ed1e8720,0x00000000edf00000)
  from space 147968K, 0% used [0x00000000edf00000,0x00000000edf28000,0x00000000f6f80000)
  to   space 144384K, 0% used [0x00000000f7300000,0x00000000f7300000,0x0000000100000000)
 ParOldGen       total 1048576K, used 716873K [0x00000000a0000000, 0x00000000e0000000, 0x00000000e0000000)
  object space 1048576K, 68% used [0x00000000a0000000,0x00000000cbc125f0,0x00000000e0000000)
 Metaspace       used 78085K, capacity 83858K, committed 84312K, reserved 1122304K
  class space    used 9786K, capacity 10541K, committed 10880K, reserved 1048576K
GC Heap History (10 events):
Event: 2183.910 GC heap before
{Heap before GC invocations=108 (full 15):
 PSYoungGen      total 401920K, used 349867K [0x00000000e0000000, 0x0000000100000000, 0x0000000100000000)
  eden space 288768K, 100% used [0x00000000e0000000,0x00000000f1a00000,0x00000000f1a00000)
  from space 113152K, 53% used [0x00000000f8f80000,0x00000000fcb2af90,0x00000000ffe00000)
  to   space 117760K, 0% used [0x00000000f1a00000,0x00000000f1a00000,0x00000000f8d00000)
 ParOldGen       total 808448K, used 587453K [0x00000000a0000000, 0x00000000d1580000, 0x00000000e0000000)
  object space 808448K, 72% used [0x00000000a0000000,0x00000000c3daf5b0,0x00000000d1580000)
 Metaspace       used 77955K, capacity 83576K, committed 84056K, reserved 1122304K
  class space    used 9771K, capacity 10522K, committed 10880K, reserved 1048576K
Event: 2184.096 GC heap after
Heap after GC invocations=108 (full 15):
 PSYoungGen      total 367616K, used 78792K [0x00000000e0000000, 0x0000000100000000, 0x0000000100000000)
  eden space 288768K, 0% used [0x00000000e0000000,0x00000000e0000000,0x00000000f1a00000)
  from space 78848K, 99% used [0x00000000f1a00000,0x00000000f66f2200,0x00000000f6700000)
  to   space 126976K, 0% used [0x00000000f8400000,0x00000000f8400000,0x0000000100000000)
 ParOldGen       total 808448K, used 638879K [0x00000000a0000000, 0x00000000d1580000, 0x00000000e0000000)
  object space 808448K, 79% used [0x00000000a0000000,0x00000000c6fe7ed8,0x00000000d1580000)
 Metaspace       used 77955K, capacity 83576K, committed 84056K, reserved 1122304K
  class space    used 9771K, capacity 10522K, committed 10880K, reserved 1048576K
}
Event: 2188.245 GC heap before
{Heap before GC invocations=109 (full 15):
 PSYoungGen      total 367616K, used 367560K [0x00000000e0000000, 0x0000000100000000, 0x0000000100000000)
  eden space 288768K, 100% used [0x00000000e0000000,0x00000000f1a00000,0x00000000f1a00000)
  from space 78848K, 99% used [0x00000000f1a00000,0x00000000f66f2200,0x00000000f6700000)
  to   space 126976K, 0% used [0x00000000f8400000,0x00000000f8400000,0x0000000100000000)
 ParOldGen       total 1048576K, used 983941K [0x00000000a0000000, 0x00000000e0000000, 0x00000000e0000000)
  object space 1048576K, 93% used [0x00000000a0000000,0x00000000dc0e1698,0x00000000e0000000)
 Metaspace       used 77955K, capacity 83576K, committed 84056K, reserved 1122304K
  class space    used 9771K, capacity 10522K, committed 10880K, reserved 1048576K
Event: 2188.280 GC heap after
Heap after GC invocations=109 (full 15):
 PSYoungGen      total 367616K, used 367560K [0x00000000e0000000, 0x0000000100000000, 0x0000000100000000)
  eden space 288768K, 100% used [0x00000000e0000000,0x00000000f1a00000,0x00000000f1a00000)
  from space 78848K, 99% used [0x00000000f1a00000,0x00000000f66f2200,0x00000000f6700000)
  to   space 126976K, 59% used [0x00000000f8400000,0x00000000fcd84e70,0x0000000100000000)
 ParOldGen       total 1048576K, used 1048079K [0x00000000a0000000, 0x00000000e0000000, 0x00000000e0000000)
  object space 1048576K, 99% used [0x00000000a0000000,0x00000000dff83d18,0x00000000e0000000)
 Metaspace       used 77955K, capacity 83576K, committed 84056K, reserved 1122304K
  class space    used 9771K, capacity 10522K, committed 10880K, reserved 1048576K
}
Event: 2188.280 GC heap before
{Heap before GC invocations=110 (full 16):
 PSYoungGen      total 367616K, used 367560K [0x00000000e0000000, 0x0000000100000000, 0x0000000100000000)
  eden space 288768K, 100% used [0x00000000e0000000,0x00000000f1a00000,0x00000000f1a00000)
  from space 78848K, 99% used [0x00000000f1a00000,0x00000000f66f2200,0x00000000f6700000)
  to   space 126976K, 59% used [0x00000000f8400000,0x00000000fcd84e70,0x0000000100000000)
 ParOldGen       total 1048576K, used 1048079K [0x00000000a0000000, 0x00000000e0000000, 0x00000000e0000000)
  object space 1048576K, 99% used [0x00000000a0000000,0x00000000dff83d18,0x00000000e0000000)
 Metaspace       used 77955K, capacity 83576K, committed 84056K, reserved 1122304K
  class space    used 9771K, capacity 10522K, committed 10880K, reserved 1048576K
Event: 2188.750 GC heap after
Heap after GC invocations=110 (full 16):
 PSYoungGen      total 367616K, used 0K [0x00000000e0000000, 0x0000000100000000, 0x0000000100000000)
  eden space 288768K, 0% used [0x00000000e0000000,0x00000000e0000000,0x00000000f1a00000)
  from space 78848K, 0% used [0x00000000f1a00000,0x00000000f1a00000,0x00000000f6700000)
  to   space 126976K, 0% used [0x00000000f8400000,0x00000000f8400000,0x0000000100000000)
 ParOldGen       total 1048576K, used 499258K [0x00000000a0000000, 0x00000000e0000000, 0x00000000e0000000)
  object space 1048576K, 47% used [0x00000000a0000000,0x00000000be78eba0,0x00000000e0000000)
 Metaspace       used 77955K, capacity 83576K, committed 84056K, reserved 1122304K
  class space    used 9771K, capacity 10522K, committed 10880K, reserved 1048576K
}
Event: 2189.860 GC heap before
{Heap before GC invocations=111 (full 16):
 PSYoungGen      total 367616K, used 288558K [0x00000000e0000000, 0x0000000100000000, 0x0000000100000000)
  eden space 288768K, 99% used [0x00000000e0000000,0x00000000f19cb910,0x00000000f1a00000)
  from space 78848K, 0% used [0x00000000f1a00000,0x00000000f1a00000,0x00000000f6700000)
  to   space 126976K, 0% used [0x00000000f8400000,0x00000000f8400000,0x0000000100000000)
 ParOldGen       total 1048576K, used 618482K [0x00000000a0000000, 0x00000000e0000000, 0x00000000e0000000)
  object space 1048576K, 58% used [0x00000000a0000000,0x00000000c5bfc930,0x00000000e0000000)
 Metaspace       used 77961K, capacity 83582K, committed 84056K, reserved 1122304K
  class space    used 9772K, capacity 10523K, committed 10880K, reserved 1048576K
Event: 2189.881 GC heap after
Heap after GC invocations=111 (full 16):
 PSYoungGen      total 355328K, used 115640K [0x00000000e0000000, 0x0000000100000000, 0x0000000100000000)
  eden space 228352K, 0% used [0x00000000e0000000,0x00000000e0000000,0x00000000edf00000)
  from space 126976K, 91% used [0x00000000f8400000,0x00000000ff4ee2e8,0x0000000100000000)
  to   space 147968K, 0% used [0x00000000edf00000,0x00000000edf00000,0x00000000f6f80000)
 ParOldGen       total 1048576K, used 618482K [0x00000000a0000000, 0x00000000e0000000, 0x00000000e0000000)
  object space 1048576K, 58% used [0x00000000a0000000,0x00000000c5bfc930,0x00000000e0000000)
 Metaspace       used 77961K, capacity 83582K, committed 84056K, reserved 1122304K
  class space    used 9772K, capacity 10523K, committed 10880K, reserved 1048576K
}
Event: 2190.370 GC heap before
{Heap before GC invocations=112 (full 16):
 PSYoungGen      total 355328K, used 343715K [0x00000000e0000000, 0x0000000100000000, 0x0000000100000000)
  eden space 228352K, 99% used [0x00000000e0000000,0x00000000edebacd8,0x00000000edf00000)
  from space 126976K, 91% used [0x00000000f8400000,0x00000000ff4ee2e8,0x0000000100000000)
  to   space 147968K, 0% used [0x00000000edf00000,0x00000000edf00000,0x00000000f6f80000)
 ParOldGen       total 1048576K, used 618482K [0x00000000a0000000, 0x00000000e0000000, 0x00000000e0000000)
  object space 1048576K, 58% used [0x00000000a0000000,0x00000000c5bfc930,0x00000000e0000000)
 Metaspace       used 77961K, capacity 83582K, committed 84056K, reserved 1122304K
  class space    used 9772K, capacity 10523K, committed 10880K, reserved 1048576K
Event: 2190.391 GC heap after
Heap after GC invocations=112 (full 16):
 PSYoungGen      total 376320K, used 160K [0x00000000e0000000, 0x0000000100000000, 0x0000000100000000)
  eden space 228352K, 0% used [0x00000000e0000000,0x00000000e0000000,0x00000000edf00000)
  from space 147968K, 0% used [0x00000000edf00000,0x00000000edf28000,0x00000000f6f80000)
  to   space 144384K, 0% used [0x00000000f7300000,0x00000000f7300000,0x0000000100000000)
 ParOldGen       total 1048576K, used 716873K [0x00000000a0000000, 0x00000000e0000000, 0x00000000e0000000)
  object space 1048576K, 68% used [0x00000000a0000000,0x00000000cbc125f0,0x00000000e0000000)
 Metaspace       used 77961K, capacity 83582K, committed 84056K, reserved 1122304K
  class space    used 9772K, capacity 10523K, committed 10880K, reserved 1048576K
}

